<?xml version="1.0" encoding="UTF-8"?>
<!-- Generated by org.testng.reporters.JUnitReportReporter -->
<testsuite skipped="0" hostname="DESKTOP-CS733UO" name="com.sedt.userloginTest" tests="2" failures="0" timestamp="2022-07-28T13:10:06 IST" time="0.020" errors="0">
  <testcase name="tetslogin1" time="0.019" classname="com.sedt.userloginTest"/>
  <system-out/>
  <testcase name="tetslogin2" time="0.001" classname="com.sedt.userloginTest"/>
  <system-out/>
</testsuite> <!-- com.sedt.userloginTest -->
