<?xml version="1.0" encoding="UTF-8"?>
<!-- Generated by org.testng.reporters.JUnitReportReporter -->
<testsuite skipped="0" hostname="DESKTOP-CS733UO" name="com.sedt.websitelogin" tests="1" failures="0" timestamp="2022-07-28T13:10:06 IST" time="22.060" errors="0">
  <testcase name="Test" time="22.060" classname="com.sedt.websitelogin"/>
  <system-out/>
</testsuite> <!-- com.sedt.websitelogin -->
